[debug] [2021-05-07T17:50:49.502Z] ----------------------------------------------------------------------
[debug] [2021-05-07T17:50:49.508Z] Command:       C:\Program Files\nodejs\node.exe C:\Users\blaki\AppData\Roaming\npm\node_modules\firebase-tools\lib\bin\firebase.js init
[debug] [2021-05-07T17:50:49.510Z] CLI Version:   8.11.0
[debug] [2021-05-07T17:50:49.510Z] Platform:      win32
[debug] [2021-05-07T17:50:49.510Z] Node Version:  v15.10.0
[debug] [2021-05-07T17:50:49.512Z] Time:          Sat May 08 2021 00:50:49 GMT+0700 (Красноярск, стандартное время)
[debug] [2021-05-07T17:50:49.512Z] ----------------------------------------------------------------------
[debug] [2021-05-07T17:50:49.513Z] 
[debug] [2021-05-07T17:50:49.524Z] > command requires scopes: ["email","openid","https://www.googleapis.com/auth/cloudplatformprojects.readonly","https://www.googleapis.com/auth/firebase","https://www.googleapis.com/auth/cloud-platform"]
[debug] [2021-05-07T17:50:49.525Z] > authorizing via signed-in user
[info] 
     ######## #### ########  ######## ########     ###     ######  ########
     ##        ##  ##     ## ##       ##     ##  ##   ##  ##       ##
     ######    ##  ########  ######   ########  #########  ######  ######
     ##        ##  ##    ##  ##       ##     ## ##     ##       ## ##
     ##       #### ##     ## ######## ########  ##     ##  ######  ########

You're about to initialize a Firebase project in this directory:

  C:\Users\blaki\Desktop\react-exchanger

[info] 
=== Project Setup
[info] 
[info] First, let's associate this project directory with a Firebase project.
[info] You can create multiple project aliases by running firebase use --add, 
[info] but for now we'll just set up a default project.
[info] 
[info] i  If you want to create a project in a Google Cloud organization or folder, please use "firebase projects:create" instead, and return to this command when you've created the project. 
[debug] [2021-05-07T17:51:13.216Z] >>> HTTP REQUEST POST https://cloudresourcemanager.googleapis.com/v1/projects  
 {"projectId":"react-exchanger-2","name":"react-exchanger-2"}
[debug] [2021-05-07T17:51:14.695Z] <<< HTTP RESPONSE 200 {"content-type":"application/json; charset=UTF-8","vary":"X-Origin, Referer, Origin,Accept-Encoding","date":"Fri, 07 May 2021 17:51:14 GMT","server":"ESF","cache-control":"private","x-xss-protection":"0","x-frame-options":"SAMEORIGIN","x-content-type-options":"nosniff","server-timing":"gfet4t7; dur=1090","alt-svc":"h3-29=\":443\"; ma=2592000,h3-T051=\":443\"; ma=2592000,h3-Q050=\":443\"; ma=2592000,h3-Q046=\":443\"; ma=2592000,h3-Q043=\":443\"; ma=2592000,quic=\":443\"; ma=2592000; v=\"46,43\"","accept-ranges":"none","transfer-encoding":"chunked"}
[debug] [2021-05-07T17:51:14.699Z] >>> HTTP REQUEST GET https://cloudresourcemanager.googleapis.com/v1/operations/cp.8227197594219909452  
 
[debug] [2021-05-07T17:51:15.949Z] <<< HTTP RESPONSE 200 {"content-type":"application/json; charset=UTF-8","vary":"X-Origin, Referer, Origin,Accept-Encoding","date":"Fri, 07 May 2021 17:51:15 GMT","server":"ESF","cache-control":"private","x-xss-protection":"0","x-frame-options":"SAMEORIGIN","x-content-type-options":"nosniff","server-timing":"gfet4t7; dur=1031","alt-svc":"h3-29=\":443\"; ma=2592000,h3-T051=\":443\"; ma=2592000,h3-Q050=\":443\"; ma=2592000,h3-Q046=\":443\"; ma=2592000,h3-Q043=\":443\"; ma=2592000,quic=\":443\"; ma=2592000; v=\"46,43\"","accept-ranges":"none","transfer-encoding":"chunked"}
[debug] [2021-05-07T17:51:16.459Z] [Project Creation Poller] Retrying task index 0
[debug] [2021-05-07T17:51:16.460Z] >>> HTTP REQUEST GET https://cloudresourcemanager.googleapis.com/v1/operations/cp.8227197594219909452  
 
[debug] [2021-05-07T17:51:17.708Z] <<< HTTP RESPONSE 200 {"content-type":"application/json; charset=UTF-8","vary":"X-Origin, Referer, Origin,Accept-Encoding","date":"Fri, 07 May 2021 17:51:17 GMT","server":"ESF","cache-control":"private","x-xss-protection":"0","x-frame-options":"SAMEORIGIN","x-content-type-options":"nosniff","server-timing":"gfet4t7; dur=1021","alt-svc":"h3-29=\":443\"; ma=2592000,h3-T051=\":443\"; ma=2592000,h3-Q050=\":443\"; ma=2592000,h3-Q046=\":443\"; ma=2592000,h3-Q043=\":443\"; ma=2592000,quic=\":443\"; ma=2592000; v=\"46,43\"","accept-ranges":"none","transfer-encoding":"chunked"}
[debug] [2021-05-07T17:51:18.715Z] [Project Creation Poller] Retrying task index 0
[debug] [2021-05-07T17:51:18.716Z] >>> HTTP REQUEST GET https://cloudresourcemanager.googleapis.com/v1/operations/cp.8227197594219909452  
 
[debug] [2021-05-07T17:51:19.977Z] <<< HTTP RESPONSE 200 {"content-type":"application/json; charset=UTF-8","vary":"X-Origin, Referer, Origin,Accept-Encoding","date":"Fri, 07 May 2021 17:51:19 GMT","server":"ESF","cache-control":"private","x-xss-protection":"0","x-frame-options":"SAMEORIGIN","x-content-type-options":"nosniff","server-timing":"gfet4t7; dur=1017","alt-svc":"h3-29=\":443\"; ma=2592000,h3-T051=\":443\"; ma=2592000,h3-Q050=\":443\"; ma=2592000,h3-Q046=\":443\"; ma=2592000,h3-Q043=\":443\"; ma=2592000,quic=\":443\"; ma=2592000; v=\"46,43\"","accept-ranges":"none","transfer-encoding":"chunked"}
[debug] [2021-05-07T17:51:19.985Z] >>> HTTP REQUEST POST https://firebase.googleapis.com/v1beta1/projects/react-exchanger-2:addFirebase  
 
[debug] [2021-05-07T17:51:23.452Z] <<< HTTP RESPONSE 200 {"content-type":"application/json; charset=UTF-8","vary":"X-Origin, Referer, Origin,Accept-Encoding","date":"Fri, 07 May 2021 17:51:23 GMT","server":"ESF","cache-control":"private","x-xss-protection":"0","x-frame-options":"SAMEORIGIN","x-content-type-options":"nosniff","alt-svc":"h3-29=\":443\"; ma=2592000,h3-T051=\":443\"; ma=2592000,h3-Q050=\":443\"; ma=2592000,h3-Q046=\":443\"; ma=2592000,h3-Q043=\":443\"; ma=2592000,quic=\":443\"; ma=2592000; v=\"46,43\"","accept-ranges":"none","transfer-encoding":"chunked"}
[debug] [2021-05-07T17:51:23.454Z] >>> HTTP REQUEST GET https://firebase.googleapis.com/v1beta1/operations/workflows/ZmI4YTE2NmMtNmE5Yi00OWI0LWJjM2EtNDk3MTFjMTU5YTVk  
 
[debug] [2021-05-07T17:51:24.428Z] <<< HTTP RESPONSE 200 {"content-type":"application/json; charset=UTF-8","vary":"X-Origin, Referer, Origin,Accept-Encoding","date":"Fri, 07 May 2021 17:51:24 GMT","server":"ESF","cache-control":"private","x-xss-protection":"0","x-frame-options":"SAMEORIGIN","x-content-type-options":"nosniff","alt-svc":"h3-29=\":443\"; ma=2592000,h3-T051=\":443\"; ma=2592000,h3-Q050=\":443\"; ma=2592000,h3-Q046=\":443\"; ma=2592000,h3-Q043=\":443\"; ma=2592000,quic=\":443\"; ma=2592000; v=\"46,43\"","accept-ranges":"none","transfer-encoding":"chunked"}
[debug] [2021-05-07T17:51:24.938Z] [Add Firebase Poller] Retrying task index 0
[debug] [2021-05-07T17:51:24.939Z] >>> HTTP REQUEST GET https://firebase.googleapis.com/v1beta1/operations/workflows/ZmI4YTE2NmMtNmE5Yi00OWI0LWJjM2EtNDk3MTFjMTU5YTVk  
 
[debug] [2021-05-07T17:51:26.061Z] <<< HTTP RESPONSE 200 {"content-type":"application/json; charset=UTF-8","vary":"X-Origin, Referer, Origin,Accept-Encoding","date":"Fri, 07 May 2021 17:51:25 GMT","server":"ESF","cache-control":"private","x-xss-protection":"0","x-frame-options":"SAMEORIGIN","x-content-type-options":"nosniff","alt-svc":"h3-29=\":443\"; ma=2592000,h3-T051=\":443\"; ma=2592000,h3-Q050=\":443\"; ma=2592000,h3-Q046=\":443\"; ma=2592000,h3-Q043=\":443\"; ma=2592000,quic=\":443\"; ma=2592000; v=\"46,43\"","accept-ranges":"none","transfer-encoding":"chunked"}
[debug] [2021-05-07T17:51:27.077Z] [Add Firebase Poller] Retrying task index 0
[debug] [2021-05-07T17:51:27.078Z] >>> HTTP REQUEST GET https://firebase.googleapis.com/v1beta1/operations/workflows/ZmI4YTE2NmMtNmE5Yi00OWI0LWJjM2EtNDk3MTFjMTU5YTVk  
 
[debug] [2021-05-07T17:51:27.938Z] <<< HTTP RESPONSE 200 {"content-type":"application/json; charset=UTF-8","vary":"X-Origin, Referer, Origin,Accept-Encoding","date":"Fri, 07 May 2021 17:51:27 GMT","server":"ESF","cache-control":"private","x-xss-protection":"0","x-frame-options":"SAMEORIGIN","x-content-type-options":"nosniff","alt-svc":"h3-29=\":443\"; ma=2592000,h3-T051=\":443\"; ma=2592000,h3-Q050=\":443\"; ma=2592000,h3-Q046=\":443\"; ma=2592000,h3-Q043=\":443\"; ma=2592000,quic=\":443\"; ma=2592000; v=\"46,43\"","accept-ranges":"none","transfer-encoding":"chunked"}
[debug] [2021-05-07T17:51:29.943Z] [Add Firebase Poller] Retrying task index 0
[debug] [2021-05-07T17:51:29.944Z] >>> HTTP REQUEST GET https://firebase.googleapis.com/v1beta1/operations/workflows/ZmI4YTE2NmMtNmE5Yi00OWI0LWJjM2EtNDk3MTFjMTU5YTVk  
 
[debug] [2021-05-07T17:51:30.738Z] <<< HTTP RESPONSE 200 {"content-type":"application/json; charset=UTF-8","vary":"X-Origin, Referer, Origin,Accept-Encoding","date":"Fri, 07 May 2021 17:51:30 GMT","server":"ESF","cache-control":"private","x-xss-protection":"0","x-frame-options":"SAMEORIGIN","x-content-type-options":"nosniff","alt-svc":"h3-29=\":443\"; ma=2592000,h3-T051=\":443\"; ma=2592000,h3-Q050=\":443\"; ma=2592000,h3-Q046=\":443\"; ma=2592000,h3-Q043=\":443\"; ma=2592000,quic=\":443\"; ma=2592000; v=\"46,43\"","accept-ranges":"none","transfer-encoding":"chunked"}
[debug] [2021-05-07T17:51:34.743Z] [Add Firebase Poller] Retrying task index 0
[debug] [2021-05-07T17:51:34.744Z] >>> HTTP REQUEST GET https://firebase.googleapis.com/v1beta1/operations/workflows/ZmI4YTE2NmMtNmE5Yi00OWI0LWJjM2EtNDk3MTFjMTU5YTVk  
 
[debug] [2021-05-07T17:51:35.306Z] <<< HTTP RESPONSE 200 {"content-type":"application/json; charset=UTF-8","vary":"X-Origin, Referer, Origin,Accept-Encoding","date":"Fri, 07 May 2021 17:51:35 GMT","server":"ESF","cache-control":"private","x-xss-protection":"0","x-frame-options":"SAMEORIGIN","x-content-type-options":"nosniff","alt-svc":"h3-29=\":443\"; ma=2592000,h3-T051=\":443\"; ma=2592000,h3-Q050=\":443\"; ma=2592000,h3-Q046=\":443\"; ma=2592000,h3-Q043=\":443\"; ma=2592000,quic=\":443\"; ma=2592000; v=\"46,43\"","accept-ranges":"none","transfer-encoding":"chunked"}
[info] 
[info] === Your Firebase project is ready! ===
[info] 
[info] Project information:
[info]    - Project ID: react-exchanger-2
[info]    - Project Name: react-exchanger-2
[info] 
[info] Firebase console is available at
[info] https://console.firebase.google.com/project/react-exchanger-2/overview
[info] i  Using project react-exchanger-2 (react-exchanger-2) 
[info] 
=== Hosting Setup
[info] 
[info] Your public directory is the folder (relative to your project directory) that
[info] will contain Hosting assets to be uploaded with firebase deploy. If you
[info] have a build process for your assets, use your build's output directory.
[info] 
[debug] [2021-05-07T17:51:50.090Z] Error: ENOENT: no such file or directory, open 'C:\Users\blaki\Desktop\react-exchanger\build\index.html\404.html'
    at Object.openSync (node:fs:497:3)
    at Object.writeFileSync (node:fs:1521:35)
    at Object.createFileSync (C:\Users\blaki\AppData\Roaming\npm\node_modules\firebase-tools\node_modules\fs-extra\lib\ensure\file.js:34:6)
    at Config.writeProjectFile (C:\Users\blaki\AppData\Roaming\npm\node_modules\firebase-tools\lib\config.js:155:8)
    at C:\Users\blaki\AppData\Roaming\npm\node_modules\firebase-tools\lib\config.js:174:18
    at processTicksAndRejections (node:internal/process/task_queues:94:5)
[error] 
[error] Error: An unexpected error has occurred.
